echo ~
cd Desktop
l
ls
cd
cd Desktop/
ls
cd 2311-SWC-TUD/
ls
# mkdir 2311-SWC-TUD
pwd
ssh -T git@github.com
ls ~/.ssh
ssh-keygen -t ed25519 -C 'wmotion.eu@gmail.com'
ls ~/.ssh
ssh -T git@github.com
cat ~/.ssh/id_ed25519.pub
eval "$(ssh-agent -s)"
ssh-add ~/.ssh/id_ed25519
cat ~/.ssh/id_ed25519.pub
clip < ~/.ssh/id_ed25519.pub
sudo apt install geomview
clip < ~/.ssh/id_ed25519.pub
ssh -T git@github.com
eval "$(ssh-agent -s)"
ssh-add ~/.ssh/id_ed25519
ssh -T git@github.com
reboot
true
ssh -T git@github.com
ssh -T git@github.com
pwd
cd
pwd
cd Desktop/2311-SWC-TUD/
pwd
ls
git 
git --help
ls
ls -a
pwd
github
git init
ls -a
ls .git
git config --global --list
git config --global user.name "Giordano Lipari @laptop4"
git config --global user.email "wmotion.eu@gmail.com"
git config --global --list
git config --global core.editor "nano"
git config --global core.autocrlf true # windows
git config --global core.autocrlf input  # linux/input
git config --global --list
git status
nano count_line.py
ls
cat count_line.py 
git status 
git add count_lines.py
ls
mv count_line.py count_lines.py
ls
git add count_lines.py
git status 
git commit -m "Add count_lines.py" count_lines.py 
git status 
ls
git log
git log --oneline
git log
nano count_lines.py 
cat count_lines.py 
git status
git diff
git add count_lines.py 
git diff
git status 
git log
git commit count_lines.py 
git log
git log --oneline
cat count_lines.py 
git diff
git status 
git diff
git log
git log --oneline
git diff
git diff HEAD
git diff HEAD~1
git diff HEAD~2
git log --oneline
git diff HEAD
git diff 4ea15
git diff 4725f
nano count_lines.py 
cat count_lines.py 
git status
git checkout HEAD count_lines.py
cat count_lines.py 
git status 
git log --oneline
git checkout HEAD~1 count_lines.py
cat count_lines.py 
git checkout HEAD count_lines.py
cat count_lines.py 
nano count_lines.py 
cat count_lines.py 
git status 
git diff
git add count_lines.py 
git status 
git diff
git diff HEAD
